app/build/intermediates/manifest_merge_blame_file/debug/manifest-merger-blame-debug-report.txt
1<?xml version="1.0" encoding="utf-8"?>
2<manifest xmlns:android="http://schemas.android.com/apk/res/android"
3    package="com.IS"
4    android:versionCode="1"
5    android:versionName="@string/app_versao" >
6
7    <uses-sdk
7-->src/main/AndroidManifest.xml:7:5-71
8        android:minSdkVersion="5"
8-->src/main/AndroidManifest.xml:7:15-40
9        android:targetSdkVersion="5" />
9-->src/main/AndroidManifest.xml:7:41-69
10
11    <uses-permission android:name="android.permission.ACCESS_GPS" />
11-->src/main/AndroidManifest.xml:8:2-66
11-->src/main/AndroidManifest.xml:8:19-63
12    <uses-permission android:name="android.permission.ACCESS_LOCATION" />
12-->src/main/AndroidManifest.xml:9:2-71
12-->src/main/AndroidManifest.xml:9:19-68
13    <uses-permission android:name="android.permission.ACCESS_COARSE_LOCATION" />
13-->src/main/AndroidManifest.xml:10:2-78
13-->src/main/AndroidManifest.xml:10:19-75
14    <uses-permission android:name="android.permission.ACCESS_FINE_LOCATION" />
14-->src/main/AndroidManifest.xml:11:2-76
14-->src/main/AndroidManifest.xml:11:19-73
15    <uses-permission android:name="android.permission.ACCESS_NETWORK_STATE" />
15-->src/main/AndroidManifest.xml:12:2-76
15-->src/main/AndroidManifest.xml:12:19-73
16    <uses-permission android:name="android.permission.WRITE_EXTERNAL_STORAGE" />
16-->src/main/AndroidManifest.xml:13:5-80
16-->src/main/AndroidManifest.xml:13:22-78
17    <uses-permission android:name="android.permission.INTERNET" />
17-->src/main/AndroidManifest.xml:14:2-63
17-->src/main/AndroidManifest.xml:14:19-61
18    <uses-permission android:name="android.permission.BLUETOOTH" />
18-->src/main/AndroidManifest.xml:15:2-64
18-->src/main/AndroidManifest.xml:15:19-62
19    <uses-permission android:name="android.permission.BLUETOOTH_ADMIN" />
19-->src/main/AndroidManifest.xml:16:2-70
19-->src/main/AndroidManifest.xml:16:19-68
20    <uses-permission android:name="android.permission.READ_PHONE_STATE" />
20-->src/main/AndroidManifest.xml:17:2-71
20-->src/main/AndroidManifest.xml:17:19-69
21    <uses-permission android:name="android.permission.READ_SYNC_SETTINGS" />
21-->src/main/AndroidManifest.xml:18:2-73
21-->src/main/AndroidManifest.xml:18:19-71
22    <uses-permission android:name="android.permission.DEVICE_POWER" />
22-->src/main/AndroidManifest.xml:19:2-67
22-->src/main/AndroidManifest.xml:19:19-65
23
24    <application
24-->src/main/AndroidManifest.xml:21:2-71:19
25        android:allowTaskReparenting="true"
25-->src/main/AndroidManifest.xml:21:78-113
26        android:debuggable="true"
27        android:icon="@drawable/gsan"
27-->src/main/AndroidManifest.xml:21:15-44
28        android:label="@string/app_name"
28-->src/main/AndroidManifest.xml:21:45-77
29        android:testOnly="true" >
30        <activity
30-->src/main/AndroidManifest.xml:22:9-27:20
31            android:name="com.IS.Fachada"
31-->src/main/AndroidManifest.xml:22:19-42
32            android:theme="@android:style/Theme.NoTitleBar" >
32-->src/main/AndroidManifest.xml:22:43-90
33            <intent-filter>
33-->src/main/AndroidManifest.xml:23:13-26:29
34                <action android:name="android.intent.action.MAIN" />
34-->src/main/AndroidManifest.xml:24:17-69
34-->src/main/AndroidManifest.xml:24:25-66
35
36                <category android:name="android.intent.category.LAUNCHER" />
36-->src/main/AndroidManifest.xml:25:17-77
36-->src/main/AndroidManifest.xml:25:27-74
37            </intent-filter>
38        </activity>
39        <activity
39-->src/main/AndroidManifest.xml:29:9-30:20
40            android:name="views.MainTab"
40-->src/main/AndroidManifest.xml:29:19-47
41            android:configChanges="orientation"
41-->src/main/AndroidManifest.xml:29:80-115
42            android:launchMode="singleTask"
42-->src/main/AndroidManifest.xml:29:48-79
43            android:theme="@android:style/Theme.DeviceDefault.Light" >
43-->src/main/AndroidManifest.xml:29:116-172
44        </activity>
45        <activity
45-->src/main/AndroidManifest.xml:32:9-33:20
46            android:name="com.IS.ListaRotas"
46-->src/main/AndroidManifest.xml:32:19-45
47            configChanges="orientation|keyboardHidden"
47-->src/main/AndroidManifest.xml:32:83-125
48            android:screenOrientation="portrait"
48-->src/main/AndroidManifest.xml:32:46-82
49            android:theme="@android:style/Theme.DeviceDefault.Light" >
49-->src/main/AndroidManifest.xml:32:126-182
50        </activity>
51        <activity
51-->src/main/AndroidManifest.xml:35:9-36:20
52            android:name="com.IS.ListaImoveis"
52-->src/main/AndroidManifest.xml:35:19-47
53            android:launchMode="singleTask"
53-->src/main/AndroidManifest.xml:35:48-79
54            android:theme="@android:style/Theme.NoTitleBar" >
54-->src/main/AndroidManifest.xml:35:80-127
55        </activity>
56        <activity
56-->src/main/AndroidManifest.xml:38:6-39:20
57            android:name="com.IS.MenuPrincipal"
57-->src/main/AndroidManifest.xml:38:16-45
58            configChanges="orientation|keyboardHidden"
58-->src/main/AndroidManifest.xml:38:115-157
59            android:launchMode="singleTask"
59-->src/main/AndroidManifest.xml:38:46-77
60            android:screenOrientation="portrait"
60-->src/main/AndroidManifest.xml:38:78-114
61            android:theme="@android:style/Theme.DeviceDefault.Light" >
61-->src/main/AndroidManifest.xml:38:158-214
62        </activity>
63        <activity
63-->src/main/AndroidManifest.xml:41:3-42:20
64            android:name="com.IS.TelaInformacoes"
64-->src/main/AndroidManifest.xml:41:13-44
65            android:launchMode="singleTask"
65-->src/main/AndroidManifest.xml:41:82-113
66            android:screenOrientation="portrait"
66-->src/main/AndroidManifest.xml:41:45-81
67            android:theme="@android:style/Theme.NoTitleBar" >
67-->src/main/AndroidManifest.xml:41:114-161
68        </activity>
69        <activity
69-->src/main/AndroidManifest.xml:44:3-45:20
70            android:name="com.IS.TelaRelatorio"
70-->src/main/AndroidManifest.xml:44:13-41
71            android:launchMode="singleTask"
71-->src/main/AndroidManifest.xml:44:42-73
72            android:theme="@android:style/Theme.NoTitleBar" >
72-->src/main/AndroidManifest.xml:44:74-121
73        </activity>
74        <activity
74-->src/main/AndroidManifest.xml:47:3-48:20
75            android:name="com.IS.Consulta"
75-->src/main/AndroidManifest.xml:47:13-36
76            android:launchMode="singleTask"
76-->src/main/AndroidManifest.xml:47:37-68
77            android:theme="@android:style/Theme.NoTitleBar" >
77-->src/main/AndroidManifest.xml:47:69-116
78        </activity>
79        <activity
79-->src/main/AndroidManifest.xml:50:3-51:14
80            android:name="views.ImovelTab"
80-->src/main/AndroidManifest.xml:50:13-43
81            android:theme="@android:style/Theme.NoTitleBar" >
81-->src/main/AndroidManifest.xml:50:44-91
82>
83        </activity>
84        <activity
84-->src/main/AndroidManifest.xml:53:3-54:20
85            android:name="views.ContaTab"
85-->src/main/AndroidManifest.xml:53:13-42
86            android:theme="@android:style/Theme.NoTitleBar" >
86-->src/main/AndroidManifest.xml:53:43-90
87        </activity>
88        <activity
88-->src/main/AndroidManifest.xml:56:9-57:20
89            android:name="views.MedidorAguaTab"
89-->src/main/AndroidManifest.xml:56:19-54
90            android:theme="@android:style/Theme.NoTitleBar" >
90-->src/main/AndroidManifest.xml:56:55-102
91        </activity>
92        <activity
92-->src/main/AndroidManifest.xml:59:9-60:20
93            android:name="views.MedidorPocoTab"
93-->src/main/AndroidManifest.xml:59:19-54
94            android:theme="@android:style/Theme.NoTitleBar" >
94-->src/main/AndroidManifest.xml:59:55-102
95        </activity>
96
97        <receiver
97-->src/main/AndroidManifest.xml:62:9-70:17
98            android:name="util.PhoneListener"
98-->src/main/AndroidManifest.xml:62:19-52
99            android:enabled="true" >
99-->src/main/AndroidManifest.xml:62:53-75
100            <intent-filter>
100-->src/main/AndroidManifest.xml:63:10-69:26
101                <action android:name="android.intent.action.PHONE_STATE" />
101-->src/main/AndroidManifest.xml:64:14-73
101-->src/main/AndroidManifest.xml:64:22-70
102                <action android:name="android.intent.action.SCREEN_OFF" />
102-->src/main/AndroidManifest.xml:65:14-72
102-->src/main/AndroidManifest.xml:65:22-69
103                <action android:name="android.media.SCO_AUDIO_STATE_CHANGED" />
103-->src/main/AndroidManifest.xml:66:14-77
103-->src/main/AndroidManifest.xml:66:22-74
104                <action android:name="android.intent.action.AIRPLANE_MODE" />
104-->src/main/AndroidManifest.xml:67:14-75
104-->src/main/AndroidManifest.xml:67:22-72
105                <action android:name="android.intent.action.ACTION_SHUTDOWN" />
105-->src/main/AndroidManifest.xml:68:14-77
105-->src/main/AndroidManifest.xml:68:22-74
106            </intent-filter>
107        </receiver>
108    </application>
109
110</manifest>